<?xml version="1.0" encoding="UTF-8"?>
<!-- Generated by org.testng.reporters.JUnitXMLReporter -->
<testsuite ignored="3" hostname="LAPTOP-GHCIP61N" failures="0" tests="1" name="Default test" time="0.034" errors="0" timestamp="2023-01-19T11:15:47 IST">
  <testcase classname="demo.Student" name="test1" time="0.008"/>
  <testcase classname="demo.Student" name="demo1" time="0.0">
    <ignored/>
  </testcase> <!-- demo1 -->
  <testcase classname="demo.Student" name="demo2" time="0.0">
    <ignored/>
  </testcase> <!-- demo2 -->
  <testcase classname="demo.Student" name="test" time="0.0">
    <ignored/>
  </testcase> <!-- test -->
</testsuite> <!-- Default test -->
