<?xml version="1.0" encoding="UTF-8"?>
<!-- Generated by org.testng.reporters.JUnitXMLReporter -->
<testsuite ignored="0" hostname="LAPTOP-GHCIP61N" failures="0" tests="5" name="Default test" time="0.042" errors="0" timestamp="2023-01-19T18:49:42 IST">
  <testcase classname="demo.Student" name="demo1" time="0.008"/>
  <testcase classname="demo.Student" name="demo2" time="0.001"/>
  <testcase classname="demo.Student" name="practice" time="0.0"/>
  <testcase classname="demo.Student" name="practice1" time="0.002"/>
  <testcase classname="demo.Student" name="test" time="0.0"/>
</testsuite> <!-- Default test -->
