<?xml version="1.0" encoding="UTF-8"?>
<testng-results ignored="1" total="2" passed="1" failed="0" skipped="0">
  <reporter-output>
  </reporter-output>
  <suite started-at="2023-01-18T11:15:14 IST" name="Default suite" finished-at="2023-01-18T11:15:15 IST" duration-ms="39">
    <groups>
    </groups>
    <test started-at="2023-01-18T11:15:14 IST" name="Default test" finished-at="2023-01-18T11:15:15 IST" duration-ms="39">
      <class name="demo.Student">
        <test-method signature="demo()[pri:0, instance:demo.Student@63a65a25]" started-at="2023-01-18T11:15:15 IST" name="demo" finished-at="2023-01-18T11:15:15 IST" duration-ms="8" status="PASS">
          <reporter-output>
          </reporter-output>
        </test-method> <!-- demo -->
      </class> <!-- demo.Student -->
    </test> <!-- Default test -->
  </suite> <!-- Default suite -->
</testng-results>
